<?xml version="1.0" encoding="UTF-8"?>
<!-- Generated by org.testng.reporters.JUnitReportReporter -->
<testsuite hostname="Ravi-PC" failures="0" tests="1" name="com.google.qa.testcases.LandPagetest" time="8.618" errors="0" timestamp="2021-03-31T18:15:55 IST" skipped="0">
  <testcase classname="com.google.qa.testcases.LandPagetest" name="SigninClickTest" time="8.618"/>
  <system-out/>
</testsuite> <!-- com.google.qa.testcases.LandPagetest -->
